<?xml version="1.0" encoding="UTF-8"?>
<!-- Generated by org.testng.reporters.JUnitReportReporter -->
<testsuite hostname="DESKTOP-5KB58OA" failures="0" tests="1" name="test.Day1" time="0.104" errors="0" timestamp="2024-08-29T12:09:13 IST" skipped="0">
  <testcase classname="test.Day1" name="demo" time="0.104"/>
  <system-out/>
</testsuite> <!-- test.Day1 -->
