<?xml version="1.0" encoding="UTF-8"?>
<!-- Generated by org.testng.reporters.JUnitReportReporter -->
<testsuite hostname="DESKTOP-5KB58OA" failures="0" tests="3" name="test.Day1" time="0.024" errors="0" timestamp="2024-08-29T12:41:52 IST" skipped="0">
  <testcase classname="test.Day1" name="demo" time="0.017"/>
  <system-out/>
  <testcase classname="test.Day1" name="firstTest" time="0.002"/>
  <system-out/>
  <testcase classname="test.Day1" name="secondTest" time="0.005"/>
  <system-out/>
</testsuite> <!-- test.Day1 -->
